0 info it worked if it ends with ok
1 verbose cli [ 'C:\\Program Files\\nodejs\\\\node.exe',
1 verbose cli   'C:\\Program Files\\nodejs\\node_modules\\npm\\bin\\npm-cli.js',
1 verbose cli   'run',
1 verbose cli   'gameEngine.js' ]
2 info using npm@1.4.28
3 info using node@v0.10.36
4 verbose node symlink C:\Program Files\nodejs\\node.exe
5 warn invalid config registry="webdev/npm"
6 warn invalid config Must be a full url with 'http://'
7 error Error: ENOENT, open 'C:\Users\k001jha\Documents\techassault\tech-assault-domain\engine\package.json'
8 error If you need help, you may report this *entire* log,
8 error including the npm and node versions, at:
8 error     <http://github.com/npm/npm/issues>
9 error System Windows_NT 6.1.7601
10 error command "C:\\Program Files\\nodejs\\\\node.exe" "C:\\Program Files\\nodejs\\node_modules\\npm\\bin\\npm-cli.js" "run" "gameEngine.js"
11 error cwd C:\Users\k001jha\Documents\techassault\tech-assault-domain\engine
12 error node -v v0.10.36
13 error npm -v 1.4.28
14 error path C:\Users\k001jha\Documents\techassault\tech-assault-domain\engine\package.json
15 error code ENOENT
16 error errno 34
17 verbose exit [ 34, true ]
